INFO [2016-08-11 14:11:21] $x
INFO [2016-08-11 14:11:21] vennList
INFO [2016-08-11 14:11:21] 
INFO [2016-08-11 14:11:21] $filename
INFO [2016-08-11 14:11:21] pathGraph
INFO [2016-08-11 14:11:21] 
INFO [2016-08-11 14:11:21] $height
INFO [2016-08-11 14:11:21] [1] 2000
INFO [2016-08-11 14:11:21] 
INFO [2016-08-11 14:11:21] $width
INFO [2016-08-11 14:11:21] [1] 2000
INFO [2016-08-11 14:11:21] 
INFO [2016-08-11 14:11:21] $cat.pos
INFO [2016-08-11 14:11:21] c(330, 30, 180)
INFO [2016-08-11 14:11:21] 
INFO [2016-08-11 14:11:21] $euler.d
INFO [2016-08-11 14:11:21] [1] FALSE
INFO [2016-08-11 14:11:21] 
INFO [2016-08-11 14:11:21] $scaled
INFO [2016-08-11 14:11:21] [1] FALSE
INFO [2016-08-11 14:11:21] 
INFO [2016-08-11 14:11:21] $col
INFO [2016-08-11 14:11:21] [1] "transparent"
INFO [2016-08-11 14:11:21] 
INFO [2016-08-11 14:11:21] $fill
INFO [2016-08-11 14:11:21] paletteBasinDark
INFO [2016-08-11 14:11:21] 
INFO [2016-08-11 14:11:21] $alpha
INFO [2016-08-11 14:11:21] [1] 0.5
INFO [2016-08-11 14:11:21] 
INFO [2016-08-11 14:11:21] $cex
INFO [2016-08-11 14:11:21] [1] 1.5
INFO [2016-08-11 14:11:21] 
INFO [2016-08-11 14:11:21] $fontface
INFO [2016-08-11 14:11:21] [1] "bold"
INFO [2016-08-11 14:11:21] 
INFO [2016-08-11 14:11:21] $margin
INFO [2016-08-11 14:11:21] [1] 0
INFO [2016-08-11 14:11:21] 
