INFO [2016-08-11 14:11:22] $x
INFO [2016-08-11 14:11:22] vennList
INFO [2016-08-11 14:11:22] 
INFO [2016-08-11 14:11:22] $filename
INFO [2016-08-11 14:11:22] pathGraph
INFO [2016-08-11 14:11:22] 
INFO [2016-08-11 14:11:22] $height
INFO [2016-08-11 14:11:22] [1] 2000
INFO [2016-08-11 14:11:22] 
INFO [2016-08-11 14:11:22] $width
INFO [2016-08-11 14:11:22] [1] 2000
INFO [2016-08-11 14:11:22] 
INFO [2016-08-11 14:11:22] $cat.pos
INFO [2016-08-11 14:11:22] c(330, 30, 180)
INFO [2016-08-11 14:11:22] 
INFO [2016-08-11 14:11:22] $euler.d
INFO [2016-08-11 14:11:22] [1] FALSE
INFO [2016-08-11 14:11:22] 
INFO [2016-08-11 14:11:22] $scaled
INFO [2016-08-11 14:11:22] [1] FALSE
INFO [2016-08-11 14:11:22] 
INFO [2016-08-11 14:11:22] $col
INFO [2016-08-11 14:11:22] [1] "transparent"
INFO [2016-08-11 14:11:22] 
INFO [2016-08-11 14:11:22] $fill
INFO [2016-08-11 14:11:22] paletteBasinDark
INFO [2016-08-11 14:11:22] 
INFO [2016-08-11 14:11:22] $alpha
INFO [2016-08-11 14:11:22] [1] 0.5
INFO [2016-08-11 14:11:22] 
INFO [2016-08-11 14:11:22] $cex
INFO [2016-08-11 14:11:22] [1] 1.5
INFO [2016-08-11 14:11:22] 
INFO [2016-08-11 14:11:22] $fontface
INFO [2016-08-11 14:11:22] [1] "bold"
INFO [2016-08-11 14:11:22] 
INFO [2016-08-11 14:11:22] $margin
INFO [2016-08-11 14:11:22] [1] 0
INFO [2016-08-11 14:11:22] 
