INFO [2016-08-11 14:11:23] $x
INFO [2016-08-11 14:11:23] vennList
INFO [2016-08-11 14:11:23] 
INFO [2016-08-11 14:11:23] $filename
INFO [2016-08-11 14:11:23] pathGraph
INFO [2016-08-11 14:11:23] 
INFO [2016-08-11 14:11:23] $height
INFO [2016-08-11 14:11:23] [1] 2000
INFO [2016-08-11 14:11:23] 
INFO [2016-08-11 14:11:23] $width
INFO [2016-08-11 14:11:23] [1] 2000
INFO [2016-08-11 14:11:23] 
INFO [2016-08-11 14:11:23] $cat.pos
INFO [2016-08-11 14:11:23] c(330, 30, 180)
INFO [2016-08-11 14:11:23] 
INFO [2016-08-11 14:11:23] $euler.d
INFO [2016-08-11 14:11:23] [1] FALSE
INFO [2016-08-11 14:11:23] 
INFO [2016-08-11 14:11:23] $scaled
INFO [2016-08-11 14:11:23] [1] FALSE
INFO [2016-08-11 14:11:23] 
INFO [2016-08-11 14:11:23] $col
INFO [2016-08-11 14:11:23] [1] "transparent"
INFO [2016-08-11 14:11:23] 
INFO [2016-08-11 14:11:23] $fill
INFO [2016-08-11 14:11:23] paletteBasinDark
INFO [2016-08-11 14:11:23] 
INFO [2016-08-11 14:11:23] $alpha
INFO [2016-08-11 14:11:23] [1] 0.5
INFO [2016-08-11 14:11:23] 
INFO [2016-08-11 14:11:23] $cex
INFO [2016-08-11 14:11:23] [1] 1.5
INFO [2016-08-11 14:11:23] 
INFO [2016-08-11 14:11:23] $fontface
INFO [2016-08-11 14:11:23] [1] "bold"
INFO [2016-08-11 14:11:23] 
INFO [2016-08-11 14:11:23] $margin
INFO [2016-08-11 14:11:23] [1] 0
INFO [2016-08-11 14:11:23] 
