INFO [2016-08-11 14:11:24] $x
INFO [2016-08-11 14:11:24] vennList
INFO [2016-08-11 14:11:24] 
INFO [2016-08-11 14:11:24] $filename
INFO [2016-08-11 14:11:24] pathGraph
INFO [2016-08-11 14:11:24] 
INFO [2016-08-11 14:11:24] $height
INFO [2016-08-11 14:11:24] [1] 2000
INFO [2016-08-11 14:11:24] 
INFO [2016-08-11 14:11:24] $width
INFO [2016-08-11 14:11:24] [1] 2000
INFO [2016-08-11 14:11:24] 
INFO [2016-08-11 14:11:24] $cat.pos
INFO [2016-08-11 14:11:24] c(330, 30, 180)
INFO [2016-08-11 14:11:24] 
INFO [2016-08-11 14:11:24] $euler.d
INFO [2016-08-11 14:11:24] [1] FALSE
INFO [2016-08-11 14:11:24] 
INFO [2016-08-11 14:11:24] $scaled
INFO [2016-08-11 14:11:24] [1] FALSE
INFO [2016-08-11 14:11:24] 
INFO [2016-08-11 14:11:24] $col
INFO [2016-08-11 14:11:24] [1] "transparent"
INFO [2016-08-11 14:11:24] 
INFO [2016-08-11 14:11:24] $fill
INFO [2016-08-11 14:11:24] paletteBasinDark
INFO [2016-08-11 14:11:24] 
INFO [2016-08-11 14:11:24] $alpha
INFO [2016-08-11 14:11:24] [1] 0.5
INFO [2016-08-11 14:11:24] 
INFO [2016-08-11 14:11:24] $cex
INFO [2016-08-11 14:11:24] [1] 1.5
INFO [2016-08-11 14:11:24] 
INFO [2016-08-11 14:11:24] $fontface
INFO [2016-08-11 14:11:24] [1] "bold"
INFO [2016-08-11 14:11:24] 
INFO [2016-08-11 14:11:24] $margin
INFO [2016-08-11 14:11:24] [1] 0
INFO [2016-08-11 14:11:24] 
