INFO [2016-08-11 14:11:25] $x
INFO [2016-08-11 14:11:25] vennList
INFO [2016-08-11 14:11:25] 
INFO [2016-08-11 14:11:25] $filename
INFO [2016-08-11 14:11:25] pathGraph
INFO [2016-08-11 14:11:25] 
INFO [2016-08-11 14:11:25] $height
INFO [2016-08-11 14:11:25] [1] 2000
INFO [2016-08-11 14:11:25] 
INFO [2016-08-11 14:11:25] $width
INFO [2016-08-11 14:11:25] [1] 2000
INFO [2016-08-11 14:11:25] 
INFO [2016-08-11 14:11:25] $cat.pos
INFO [2016-08-11 14:11:25] c(330, 30, 180)
INFO [2016-08-11 14:11:25] 
INFO [2016-08-11 14:11:25] $euler.d
INFO [2016-08-11 14:11:25] [1] FALSE
INFO [2016-08-11 14:11:25] 
INFO [2016-08-11 14:11:25] $scaled
INFO [2016-08-11 14:11:25] [1] FALSE
INFO [2016-08-11 14:11:25] 
INFO [2016-08-11 14:11:25] $col
INFO [2016-08-11 14:11:25] [1] "transparent"
INFO [2016-08-11 14:11:25] 
INFO [2016-08-11 14:11:25] $fill
INFO [2016-08-11 14:11:25] paletteBasinDark
INFO [2016-08-11 14:11:25] 
INFO [2016-08-11 14:11:25] $alpha
INFO [2016-08-11 14:11:25] [1] 0.5
INFO [2016-08-11 14:11:25] 
INFO [2016-08-11 14:11:25] $cex
INFO [2016-08-11 14:11:25] [1] 1.5
INFO [2016-08-11 14:11:25] 
INFO [2016-08-11 14:11:25] $fontface
INFO [2016-08-11 14:11:25] [1] "bold"
INFO [2016-08-11 14:11:25] 
INFO [2016-08-11 14:11:25] $margin
INFO [2016-08-11 14:11:25] [1] 0
INFO [2016-08-11 14:11:25] 
