INFO [2016-08-11 14:11:26] $x
INFO [2016-08-11 14:11:26] vennList
INFO [2016-08-11 14:11:26] 
INFO [2016-08-11 14:11:26] $filename
INFO [2016-08-11 14:11:26] pathGraph
INFO [2016-08-11 14:11:26] 
INFO [2016-08-11 14:11:26] $height
INFO [2016-08-11 14:11:26] [1] 2000
INFO [2016-08-11 14:11:26] 
INFO [2016-08-11 14:11:26] $width
INFO [2016-08-11 14:11:26] [1] 2000
INFO [2016-08-11 14:11:26] 
INFO [2016-08-11 14:11:26] $cat.pos
INFO [2016-08-11 14:11:26] c(330, 30, 180)
INFO [2016-08-11 14:11:26] 
INFO [2016-08-11 14:11:26] $euler.d
INFO [2016-08-11 14:11:26] [1] FALSE
INFO [2016-08-11 14:11:26] 
INFO [2016-08-11 14:11:26] $scaled
INFO [2016-08-11 14:11:26] [1] FALSE
INFO [2016-08-11 14:11:26] 
INFO [2016-08-11 14:11:26] $col
INFO [2016-08-11 14:11:26] [1] "transparent"
INFO [2016-08-11 14:11:26] 
INFO [2016-08-11 14:11:26] $fill
INFO [2016-08-11 14:11:26] paletteBasinDark
INFO [2016-08-11 14:11:26] 
INFO [2016-08-11 14:11:26] $alpha
INFO [2016-08-11 14:11:26] [1] 0.5
INFO [2016-08-11 14:11:26] 
INFO [2016-08-11 14:11:26] $cex
INFO [2016-08-11 14:11:26] [1] 1.5
INFO [2016-08-11 14:11:26] 
INFO [2016-08-11 14:11:26] $fontface
INFO [2016-08-11 14:11:26] [1] "bold"
INFO [2016-08-11 14:11:26] 
INFO [2016-08-11 14:11:26] $margin
INFO [2016-08-11 14:11:26] [1] 0
INFO [2016-08-11 14:11:26] 
