INFO [2016-08-11 14:11:27] $x
INFO [2016-08-11 14:11:27] vennList
INFO [2016-08-11 14:11:27] 
INFO [2016-08-11 14:11:27] $filename
INFO [2016-08-11 14:11:27] pathGraph
INFO [2016-08-11 14:11:27] 
INFO [2016-08-11 14:11:27] $height
INFO [2016-08-11 14:11:27] [1] 2000
INFO [2016-08-11 14:11:27] 
INFO [2016-08-11 14:11:27] $width
INFO [2016-08-11 14:11:27] [1] 2000
INFO [2016-08-11 14:11:27] 
INFO [2016-08-11 14:11:27] $cat.pos
INFO [2016-08-11 14:11:27] c(330, 30, 180)
INFO [2016-08-11 14:11:27] 
INFO [2016-08-11 14:11:27] $euler.d
INFO [2016-08-11 14:11:27] [1] FALSE
INFO [2016-08-11 14:11:27] 
INFO [2016-08-11 14:11:27] $scaled
INFO [2016-08-11 14:11:27] [1] FALSE
INFO [2016-08-11 14:11:27] 
INFO [2016-08-11 14:11:27] $col
INFO [2016-08-11 14:11:27] [1] "transparent"
INFO [2016-08-11 14:11:27] 
INFO [2016-08-11 14:11:27] $fill
INFO [2016-08-11 14:11:27] paletteBasinDark
INFO [2016-08-11 14:11:27] 
INFO [2016-08-11 14:11:27] $alpha
INFO [2016-08-11 14:11:27] [1] 0.5
INFO [2016-08-11 14:11:27] 
INFO [2016-08-11 14:11:27] $cex
INFO [2016-08-11 14:11:27] [1] 1.5
INFO [2016-08-11 14:11:27] 
INFO [2016-08-11 14:11:27] $fontface
INFO [2016-08-11 14:11:27] [1] "bold"
INFO [2016-08-11 14:11:27] 
INFO [2016-08-11 14:11:27] $margin
INFO [2016-08-11 14:11:27] [1] 0
INFO [2016-08-11 14:11:27] 
