INFO [2016-08-11 14:11:28] $x
INFO [2016-08-11 14:11:28] vennList
INFO [2016-08-11 14:11:28] 
INFO [2016-08-11 14:11:28] $filename
INFO [2016-08-11 14:11:28] pathGraph
INFO [2016-08-11 14:11:28] 
INFO [2016-08-11 14:11:28] $height
INFO [2016-08-11 14:11:28] [1] 2000
INFO [2016-08-11 14:11:28] 
INFO [2016-08-11 14:11:28] $width
INFO [2016-08-11 14:11:28] [1] 2000
INFO [2016-08-11 14:11:28] 
INFO [2016-08-11 14:11:28] $cat.pos
INFO [2016-08-11 14:11:28] c(330, 30, 180)
INFO [2016-08-11 14:11:28] 
INFO [2016-08-11 14:11:28] $euler.d
INFO [2016-08-11 14:11:28] [1] FALSE
INFO [2016-08-11 14:11:28] 
INFO [2016-08-11 14:11:28] $scaled
INFO [2016-08-11 14:11:28] [1] FALSE
INFO [2016-08-11 14:11:28] 
INFO [2016-08-11 14:11:28] $col
INFO [2016-08-11 14:11:28] [1] "transparent"
INFO [2016-08-11 14:11:28] 
INFO [2016-08-11 14:11:28] $fill
INFO [2016-08-11 14:11:28] paletteBasinDark
INFO [2016-08-11 14:11:28] 
INFO [2016-08-11 14:11:28] $alpha
INFO [2016-08-11 14:11:28] [1] 0.5
INFO [2016-08-11 14:11:28] 
INFO [2016-08-11 14:11:28] $cex
INFO [2016-08-11 14:11:28] [1] 1.5
INFO [2016-08-11 14:11:28] 
INFO [2016-08-11 14:11:28] $fontface
INFO [2016-08-11 14:11:28] [1] "bold"
INFO [2016-08-11 14:11:28] 
INFO [2016-08-11 14:11:28] $margin
INFO [2016-08-11 14:11:28] [1] 0
INFO [2016-08-11 14:11:28] 
