INFO [2016-08-11 14:11:29] $x
INFO [2016-08-11 14:11:29] vennList
INFO [2016-08-11 14:11:29] 
INFO [2016-08-11 14:11:29] $filename
INFO [2016-08-11 14:11:29] pathGraph
INFO [2016-08-11 14:11:29] 
INFO [2016-08-11 14:11:29] $height
INFO [2016-08-11 14:11:29] [1] 2000
INFO [2016-08-11 14:11:29] 
INFO [2016-08-11 14:11:29] $width
INFO [2016-08-11 14:11:29] [1] 2000
INFO [2016-08-11 14:11:29] 
INFO [2016-08-11 14:11:29] $cat.pos
INFO [2016-08-11 14:11:29] c(330, 30, 180)
INFO [2016-08-11 14:11:29] 
INFO [2016-08-11 14:11:29] $euler.d
INFO [2016-08-11 14:11:29] [1] FALSE
INFO [2016-08-11 14:11:29] 
INFO [2016-08-11 14:11:29] $scaled
INFO [2016-08-11 14:11:29] [1] FALSE
INFO [2016-08-11 14:11:29] 
INFO [2016-08-11 14:11:29] $col
INFO [2016-08-11 14:11:29] [1] "transparent"
INFO [2016-08-11 14:11:29] 
INFO [2016-08-11 14:11:29] $fill
INFO [2016-08-11 14:11:29] paletteBasinDark
INFO [2016-08-11 14:11:29] 
INFO [2016-08-11 14:11:29] $alpha
INFO [2016-08-11 14:11:29] [1] 0.5
INFO [2016-08-11 14:11:29] 
INFO [2016-08-11 14:11:29] $cex
INFO [2016-08-11 14:11:29] [1] 1.5
INFO [2016-08-11 14:11:29] 
INFO [2016-08-11 14:11:29] $fontface
INFO [2016-08-11 14:11:29] [1] "bold"
INFO [2016-08-11 14:11:29] 
INFO [2016-08-11 14:11:29] $margin
INFO [2016-08-11 14:11:29] [1] 0
INFO [2016-08-11 14:11:29] 
