INFO [2016-08-11 14:11:31] $x
INFO [2016-08-11 14:11:31] vennList
INFO [2016-08-11 14:11:31] 
INFO [2016-08-11 14:11:31] $filename
INFO [2016-08-11 14:11:31] pathGraph
INFO [2016-08-11 14:11:31] 
INFO [2016-08-11 14:11:31] $height
INFO [2016-08-11 14:11:31] [1] 2000
INFO [2016-08-11 14:11:31] 
INFO [2016-08-11 14:11:31] $width
INFO [2016-08-11 14:11:31] [1] 2000
INFO [2016-08-11 14:11:31] 
INFO [2016-08-11 14:11:31] $cat.pos
INFO [2016-08-11 14:11:31] c(330, 30, 180)
INFO [2016-08-11 14:11:31] 
INFO [2016-08-11 14:11:31] $euler.d
INFO [2016-08-11 14:11:31] [1] FALSE
INFO [2016-08-11 14:11:31] 
INFO [2016-08-11 14:11:31] $scaled
INFO [2016-08-11 14:11:31] [1] FALSE
INFO [2016-08-11 14:11:31] 
INFO [2016-08-11 14:11:31] $col
INFO [2016-08-11 14:11:31] [1] "transparent"
INFO [2016-08-11 14:11:31] 
INFO [2016-08-11 14:11:31] $fill
INFO [2016-08-11 14:11:31] paletteBasinDark
INFO [2016-08-11 14:11:31] 
INFO [2016-08-11 14:11:31] $alpha
INFO [2016-08-11 14:11:31] [1] 0.5
INFO [2016-08-11 14:11:31] 
INFO [2016-08-11 14:11:31] $cex
INFO [2016-08-11 14:11:31] [1] 1.5
INFO [2016-08-11 14:11:31] 
INFO [2016-08-11 14:11:31] $fontface
INFO [2016-08-11 14:11:31] [1] "bold"
INFO [2016-08-11 14:11:31] 
INFO [2016-08-11 14:11:31] $margin
INFO [2016-08-11 14:11:31] [1] 0
INFO [2016-08-11 14:11:31] 
