INFO [2016-08-11 14:11:30] $x
INFO [2016-08-11 14:11:30] vennList
INFO [2016-08-11 14:11:30] 
INFO [2016-08-11 14:11:30] $filename
INFO [2016-08-11 14:11:30] pathGraph
INFO [2016-08-11 14:11:30] 
INFO [2016-08-11 14:11:30] $height
INFO [2016-08-11 14:11:30] [1] 2000
INFO [2016-08-11 14:11:30] 
INFO [2016-08-11 14:11:30] $width
INFO [2016-08-11 14:11:30] [1] 2000
INFO [2016-08-11 14:11:30] 
INFO [2016-08-11 14:11:30] $cat.pos
INFO [2016-08-11 14:11:30] c(330, 30, 180)
INFO [2016-08-11 14:11:30] 
INFO [2016-08-11 14:11:30] $euler.d
INFO [2016-08-11 14:11:30] [1] FALSE
INFO [2016-08-11 14:11:30] 
INFO [2016-08-11 14:11:30] $scaled
INFO [2016-08-11 14:11:30] [1] FALSE
INFO [2016-08-11 14:11:30] 
INFO [2016-08-11 14:11:30] $col
INFO [2016-08-11 14:11:30] [1] "transparent"
INFO [2016-08-11 14:11:30] 
INFO [2016-08-11 14:11:30] $fill
INFO [2016-08-11 14:11:30] paletteBasinDark
INFO [2016-08-11 14:11:30] 
INFO [2016-08-11 14:11:30] $alpha
INFO [2016-08-11 14:11:30] [1] 0.5
INFO [2016-08-11 14:11:30] 
INFO [2016-08-11 14:11:30] $cex
INFO [2016-08-11 14:11:30] [1] 1.5
INFO [2016-08-11 14:11:30] 
INFO [2016-08-11 14:11:30] $fontface
INFO [2016-08-11 14:11:30] [1] "bold"
INFO [2016-08-11 14:11:30] 
INFO [2016-08-11 14:11:30] $margin
INFO [2016-08-11 14:11:30] [1] 0
INFO [2016-08-11 14:11:30] 
