INFO [2016-08-11 14:11:32] $x
INFO [2016-08-11 14:11:32] vennList
INFO [2016-08-11 14:11:32] 
INFO [2016-08-11 14:11:32] $filename
INFO [2016-08-11 14:11:32] pathGraph
INFO [2016-08-11 14:11:32] 
INFO [2016-08-11 14:11:32] $height
INFO [2016-08-11 14:11:32] [1] 2000
INFO [2016-08-11 14:11:32] 
INFO [2016-08-11 14:11:32] $width
INFO [2016-08-11 14:11:32] [1] 2000
INFO [2016-08-11 14:11:32] 
INFO [2016-08-11 14:11:32] $cat.pos
INFO [2016-08-11 14:11:32] c(330, 30, 180)
INFO [2016-08-11 14:11:32] 
INFO [2016-08-11 14:11:32] $euler.d
INFO [2016-08-11 14:11:32] [1] FALSE
INFO [2016-08-11 14:11:32] 
INFO [2016-08-11 14:11:32] $scaled
INFO [2016-08-11 14:11:32] [1] FALSE
INFO [2016-08-11 14:11:32] 
INFO [2016-08-11 14:11:32] $col
INFO [2016-08-11 14:11:32] [1] "transparent"
INFO [2016-08-11 14:11:32] 
INFO [2016-08-11 14:11:32] $fill
INFO [2016-08-11 14:11:32] paletteBasinDark
INFO [2016-08-11 14:11:32] 
INFO [2016-08-11 14:11:32] $alpha
INFO [2016-08-11 14:11:32] [1] 0.5
INFO [2016-08-11 14:11:32] 
INFO [2016-08-11 14:11:32] $cex
INFO [2016-08-11 14:11:32] [1] 1.5
INFO [2016-08-11 14:11:32] 
INFO [2016-08-11 14:11:32] $fontface
INFO [2016-08-11 14:11:32] [1] "bold"
INFO [2016-08-11 14:11:32] 
INFO [2016-08-11 14:11:32] $margin
INFO [2016-08-11 14:11:32] [1] 0
INFO [2016-08-11 14:11:32] 
